<?xml version="1.0" encoding="UTF-8"?>
<testsuite xmlns:xsi="http://www.w3.org/2001/XMLSchema-instance" xsi:noNamespaceSchemaLocation="https://maven.apache.org/surefire/maven-surefire-plugin/xsd/surefire-test-report.xsd" version="3.0.2" name="com.ag.project_management.ProjectManagementApplicationTests" time="2.429" tests="1" errors="0" skipped="0" failures="0">
  <properties>
[...]
</properties>
  <testcase name="contextLoads" classname="com.ag.project_management.ProjectManagementApplicationTests" time="0.385">
    <system-out><![CDATA[14:31:53.966 [main] INFO org.springframework.test.context.support.AnnotationConfigContextLoaderUtils -- Could not detect default configuration classes for test class [com.ag.project_management.ProjectManagementApplicationTests]: ProjectManagementApplicationTests does not declare any static, non-private, non-final, nested classes annotated with @Configuration.
14:31:54.023 [main] INFO org.springframework.boot.test.context.SpringBootTestContextBootstrapper -- Found @SpringBootConfiguration com.ag.project_management.ProjectManagementApplication for test class com.ag.project_management.ProjectManagementApplicationTests
14:31:54.105 [main] INFO org.springframework.boot.devtools.restart.RestartApplicationListener -- Restart disabled due to context in which it is running

  .   ____          _            __ _ _
 /\\ / ___'_ __ _ _(_)_ __  __ _ \ \ \ \
( ( )\___ | '_ | '_| | '_ \/ _` | \ \ \ \
 \\/  ___)| |_)| | | | | || (_| |  ) ) ) )
  '  |____| .__|_| |_|_| |_\__, | / / / /
 =========|_|==============|___/=/_/_/_/

 :: Spring Boot ::                (v3.4.2)

2025-02-19T14:31:54.254-03:00  INFO 59975 --- [project_management] [           main] c.a.p.ProjectManagementApplicationTests  : Starting ProjectManagementApplicationTests using Java 17.0.10 with PID 59975 (started by sigaway in /Users/sigaway/Documents/GitHub/project_management_backend)
2025-02-19T14:31:54.255-03:00  INFO 59975 --- [project_management] [           main] c.a.p.ProjectManagementApplicationTests  : No active profile set, falling back to 1 default profile: "default"
2025-02-19T14:31:54.580-03:00  INFO 59975 --- [project_management] [           main] .s.d.r.c.RepositoryConfigurationDelegate : Bootstrapping Spring Data JPA repositories in DEFAULT mode.
2025-02-19T14:31:54.590-03:00  INFO 59975 --- [project_management] [           main] .s.d.r.c.RepositoryConfigurationDelegate : Finished Spring Data repository scanning in 5 ms. Found 0 JPA repository interfaces.
2025-02-19T14:31:54.936-03:00  INFO 59975 --- [project_management] [           main] o.hibernate.jpa.internal.util.LogHelper  : HHH000204: Processing PersistenceUnitInfo [name: default]
2025-02-19T14:31:54.985-03:00  INFO 59975 --- [project_management] [           main] org.hibernate.Version                    : HHH000412: Hibernate ORM core version 6.6.5.Final
2025-02-19T14:31:55.007-03:00  INFO 59975 --- [project_management] [           main] o.h.c.internal.RegionFactoryInitiator    : HHH000026: Second-level cache disabled
2025-02-19T14:31:55.166-03:00  INFO 59975 --- [project_management] [           main] o.s.o.j.p.SpringPersistenceUnitInfo      : No LoadTimeWeaver setup: ignoring JPA class transformer
2025-02-19T14:31:55.180-03:00  INFO 59975 --- [project_management] [           main] com.zaxxer.hikari.HikariDataSource       : HikariPool-1 - Starting...
2025-02-19T14:31:55.322-03:00  INFO 59975 --- [project_management] [           main] com.zaxxer.hikari.pool.HikariPool        : HikariPool-1 - Added connection org.postgresql.jdbc.PgConnection@b75b890
2025-02-19T14:31:55.323-03:00  INFO 59975 --- [project_management] [           main] com.zaxxer.hikari.HikariDataSource       : HikariPool-1 - Start completed.
2025-02-19T14:31:55.353-03:00  WARN 59975 --- [project_management] [           main] org.hibernate.orm.deprecation            : HHH90000025: PostgreSQLDialect does not need to be specified explicitly using 'hibernate.dialect' (remove the property setting and it will be selected by default)
2025-02-19T14:31:55.364-03:00  INFO 59975 --- [project_management] [           main] org.hibernate.orm.connections.pooling    : HHH10001005: Database info:
	Database JDBC URL [Connecting through datasource 'HikariDataSource (HikariPool-1)']
	Database driver: undefined/unknown
	Database version: 17.3
	Autocommit mode: undefined/unknown
	Isolation level: undefined/unknown
	Minimum pool size: undefined/unknown
	Maximum pool size: undefined/unknown
2025-02-19T14:31:55.577-03:00  INFO 59975 --- [project_management] [           main] o.h.e.t.j.p.i.JtaPlatformInitiator       : HHH000489: No JTA platform available (set 'hibernate.transaction.jta.platform' to enable JTA platform integration)
2025-02-19T14:31:55.581-03:00  INFO 59975 --- [project_management] [           main] j.LocalContainerEntityManagerFactoryBean : Initialized JPA EntityManagerFactory for persistence unit 'default'
2025-02-19T14:31:55.684-03:00  WARN 59975 --- [project_management] [           main] JpaBaseConfiguration$JpaWebConfiguration : spring.jpa.open-in-view is enabled by default. Therefore, database queries may be performed during view rendering. Explicitly configure spring.jpa.open-in-view to disable this warning
2025-02-19T14:31:55.915-03:00  INFO 59975 --- [project_management] [           main] c.a.p.ProjectManagementApplicationTests  : Started ProjectManagementApplicationTests in 1.816 seconds (process running for 2.327)
]]></system-out>
  </testcase>
</testsuite>